0 info it worked if it ends with ok
1 verbose cli [ 'C:\\Program Files (x86)\\nodejs\\\\node.exe',
1 verbose cli   'C:\\Program Files (x86)\\nodejs\\node_modules\\npm\\bin\\npm-cli.js',
1 verbose cli   'install',
1 verbose cli   '--save',
1 verbose cli   'jwr-simple' ]
2 info using npm@1.4.28
3 info using node@v0.10.33
4 verbose node symlink C:\Program Files (x86)\nodejs\\node.exe
5 warn package.json socialapp@ No description
6 warn package.json socialapp@ No repository field.
7 warn package.json socialapp@ No README data
8 verbose readDependencies using package.json deps
9 verbose cache add [ 'jwr-simple', null ]
10 verbose cache add name=undefined spec="jwr-simple" args=["jwr-simple",null]
11 verbose parsed url { protocol: null,
11 verbose parsed url   slashes: null,
11 verbose parsed url   auth: null,
11 verbose parsed url   host: null,
11 verbose parsed url   port: null,
11 verbose parsed url   hostname: null,
11 verbose parsed url   hash: null,
11 verbose parsed url   search: null,
11 verbose parsed url   query: null,
11 verbose parsed url   pathname: 'jwr-simple',
11 verbose parsed url   path: 'jwr-simple',
11 verbose parsed url   href: 'jwr-simple' }
12 silly lockFile 33b1f69f-jwr-simple jwr-simple
13 verbose lock jwr-simple C:\Users\roverzon\AppData\Roaming\npm-cache\33b1f69f-jwr-simple.lock
14 silly lockFile 33b1f69f-jwr-simple jwr-simple
15 silly lockFile 33b1f69f-jwr-simple jwr-simple
16 verbose addNamed [ 'jwr-simple', '' ]
17 verbose addNamed [ null, '*' ]
18 silly lockFile 8eca38b6-jwr-simple jwr-simple@
19 verbose lock jwr-simple@ C:\Users\roverzon\AppData\Roaming\npm-cache\8eca38b6-jwr-simple.lock
20 silly addNameRange { name: 'jwr-simple', range: '*', hasData: false }
21 verbose request where is /jwr-simple
22 verbose request registry https://registry.npmjs.org/
23 verbose request id 980f2e3350068850
24 verbose url raw /jwr-simple
25 verbose url resolving [ 'https://registry.npmjs.org/', './jwr-simple' ]
26 verbose url resolved https://registry.npmjs.org/jwr-simple
27 verbose request where is https://registry.npmjs.org/jwr-simple
28 info trying registry request attempt 1 at 14:18:12
29 http GET https://registry.npmjs.org/jwr-simple
30 http 404 https://registry.npmjs.org/jwr-simple
31 verbose headers { date: 'Thu, 16 Apr 2015 06:18:14 GMT',
31 verbose headers   server: 'CouchDB/1.5.0 (Erlang OTP/R16B03)',
31 verbose headers   'content-type': 'application/json',
31 verbose headers   'cache-control': 'max-age=0',
31 verbose headers   'content-length': '51',
31 verbose headers   'accept-ranges': 'bytes',
31 verbose headers   via: '1.1 varnish',
31 verbose headers   age: '0',
31 verbose headers   'x-served-by': 'cache-nrt6124-NRT',
31 verbose headers   'x-cache': 'MISS',
31 verbose headers   'x-cache-hits': '0',
31 verbose headers   'x-timer': 'S1429165094.432268,VS0,VE118',
31 verbose headers   'keep-alive': 'timeout=10, max=50',
31 verbose headers   connection: 'Keep-Alive' }
32 silly registry.get cb [ 404,
32 silly registry.get   { date: 'Thu, 16 Apr 2015 06:18:14 GMT',
32 silly registry.get     server: 'CouchDB/1.5.0 (Erlang OTP/R16B03)',
32 silly registry.get     'content-type': 'application/json',
32 silly registry.get     'cache-control': 'max-age=0',
32 silly registry.get     'content-length': '51',
32 silly registry.get     'accept-ranges': 'bytes',
32 silly registry.get     via: '1.1 varnish',
32 silly registry.get     age: '0',
32 silly registry.get     'x-served-by': 'cache-nrt6124-NRT',
32 silly registry.get     'x-cache': 'MISS',
32 silly registry.get     'x-cache-hits': '0',
32 silly registry.get     'x-timer': 'S1429165094.432268,VS0,VE118',
32 silly registry.get     'keep-alive': 'timeout=10, max=50',
32 silly registry.get     connection: 'Keep-Alive' } ]
33 silly lockFile 8eca38b6-jwr-simple jwr-simple@
34 silly lockFile 8eca38b6-jwr-simple jwr-simple@
35 error 404 404 Not Found: jwr-simple
35 error 404
35 error 404 'jwr-simple' is not in the npm registry.
35 error 404 You should bug the author to publish it
35 error 404 It was specified as a dependency of 'socialapp'
35 error 404
35 error 404 Note that you can also install from a
35 error 404 tarball, folder, or http url, or git url.
36 error System Windows_NT 6.1.7601
37 error command "C:\\Program Files (x86)\\nodejs\\\\node.exe" "C:\\Program Files (x86)\\nodejs\\node_modules\\npm\\bin\\npm-cli.js" "install" "--save" "jwr-simple"
38 error cwd C:\Users\roverzon\Desktop\mean-stack-practice
39 error node -v v0.10.33
40 error npm -v 1.4.28
41 error code E404
42 verbose exit [ 1, true ]
